<?xml version="1.0" encoding="UTF-8"?>
<!-- Generated by org.testng.reporters.JUnitXMLReporter -->
<testsuite ignored="0" hostname="DESKTOP-I4F49SF" failures="0" tests="6" name="UI Tests" time="170.398" errors="0" timestamp="2025-03-03T14:04:43 IST">
  <testcase classname="tests.ui.LoginTest" name="testValidLogin" time="9.383"/>
  <testcase classname="tests.ui.LoginFailureTest" name="testLockedOutUserLogin" time="9.085"/>
  <testcase classname="tests.ui.ItemOperations" name="testAddItemToCart" time="4.877"/>
  <testcase classname="tests.ui.ItemOperations" name="testRemoveItemFromCart" time="5.988"/>
  <testcase classname="tests.ui.CartFlow" name="testCartFlow" time="18.602"/>
  <testcase classname="tests.ui.EndToEndTest" name="testEndToEndCheckoutProcess" time="33.437"/>
</testsuite> <!-- UI Tests -->
